<?xml version="1.0" encoding="UTF-8"?>
<testng-results skipped="0" failed="0" ignored="0" total="1" passed="1">
  <reporter-output>
  </reporter-output>
  <suite name="Suite" duration-ms="998" started-at="2018-08-30T14:26:29Z" finished-at="2018-08-30T14:26:30Z">
    <groups>
    </groups>
    <test name="Test" duration-ms="998" started-at="2018-08-30T14:26:29Z" finished-at="2018-08-30T14:26:30Z">
      <class name="com.basictest.BasicTest">
        <test-method status="PASS" signature="verifysum()[pri:0, instance:com.basictest.BasicTest@60f82f98]" name="verifysum" duration-ms="947" started-at="2018-08-30T14:26:29Z" finished-at="2018-08-30T14:26:30Z">
          <reporter-output>
          </reporter-output>
        </test-method> <!-- verifysum -->
      </class> <!-- com.basictest.BasicTest -->
    </test> <!-- Test -->
  </suite> <!-- Suite -->
</testng-results>
