<?xml version="1.0" encoding="UTF-8"?>
<testng-results skipped="0" failed="0" ignored="0" total="1" passed="1">
  <reporter-output>
  </reporter-output>
  <suite name="Default suite" duration-ms="605" started-at="2018-08-30T10:45:15Z" finished-at="2018-08-30T10:45:15Z">
    <groups>
    </groups>
    <test name="Default test" duration-ms="605" started-at="2018-08-30T10:45:15Z" finished-at="2018-08-30T10:45:15Z">
      <class name="com.basictest.BasicTest">
        <test-method status="PASS" signature="verifysum()[pri:0, instance:com.basictest.BasicTest@735b5592]" name="verifysum" duration-ms="570" started-at="2018-08-30T10:45:15Z" finished-at="2018-08-30T10:45:15Z">
          <reporter-output>
          </reporter-output>
        </test-method> <!-- verifysum -->
      </class> <!-- com.basictest.BasicTest -->
    </test> <!-- Default test -->
  </suite> <!-- Default suite -->
</testng-results>
